<?xml version="1.0" encoding="UTF-8"?>
<!-- Generated by org.testng.reporters.JUnitXMLReporter -->
<testsuite ignored="0" hostname="Rishi-PM" failures="0" tests="6" name="nopCommerce Edge" time="78.412" errors="0" timestamp="2020-11-19T20:25:50 IST">
  <testcase classname="com.nopcommerce.testCases.LoginPage_TestCase1" name="LoginTest" time="12.327"/>
  <testcase classname="com.nopcommerce.testCases.LoginPageDDT_TestCase1" name="loginTest" time="11.398"/>
  <testcase classname="com.nopcommerce.testCases.LoginPageDDT_TestCase1" name="loginTest" time="6.406"/>
  <testcase classname="com.nopcommerce.testCases.LoginPageDDT_TestCase1" name="loginTest" time="6.234"/>
  <testcase classname="com.nopcommerce.testCases.LoginPageDDT_TestCase1" name="loginTest" time="6.785"/>
  <testcase classname="com.nopcommerce.testCases.AddCustomer_TestCase2" name="addNewCustomer" time="15.373"/>
</testsuite> <!-- nopCommerce Edge -->
