<?xml version="1.0" encoding="UTF-8"?>
<testng-results ignored="0" total="1" passed="1" failed="0" skipped="0">
  <reporter-output>
  </reporter-output>
  <suite started-at="2020-11-20T16:14:47 IST" name="nopCommerce" finished-at="2020-11-20T16:15:12 IST" duration-ms="25103">
    <groups>
    </groups>
    <test started-at="2020-11-20T16:14:47 IST" name="nopCommerce Chrome" finished-at="2020-11-20T16:15:12 IST" duration-ms="25103">
      <class name="com.nopcommerce.testCases.AddCustomer_TestCase2">
        <test-method is-config="true" signature="setup(java.lang.String)[pri:0, instance:com.nopcommerce.testCases.AddCustomer_TestCase2@793f29ff]" started-at="2020-11-20T16:14:47 IST" name="setup" finished-at="2020-11-20T16:14:52 IST" duration-ms="5492" status="PASS">
          <params>
            <param index="0">
              <value>
                <![CDATA[chrome]]>
              </value>
            </param>
          </params>
          <reporter-output>
          </reporter-output>
        </test-method> <!-- setup -->
        <test-method signature="addNewCustomer()[pri:0, instance:com.nopcommerce.testCases.AddCustomer_TestCase2@793f29ff]" started-at="2020-11-20T16:14:52 IST" name="addNewCustomer" finished-at="2020-11-20T16:15:10 IST" duration-ms="18036" status="PASS">
          <reporter-output>
          </reporter-output>
        </test-method> <!-- addNewCustomer -->
        <test-method is-config="true" signature="closeBrowser()[pri:0, instance:com.nopcommerce.testCases.AddCustomer_TestCase2@793f29ff]" started-at="2020-11-20T16:15:10 IST" name="closeBrowser" finished-at="2020-11-20T16:15:12 IST" duration-ms="1437" status="PASS">
          <reporter-output>
          </reporter-output>
        </test-method> <!-- closeBrowser -->
      </class> <!-- com.nopcommerce.testCases.AddCustomer_TestCase2 -->
    </test> <!-- nopCommerce Chrome -->
  </suite> <!-- nopCommerce -->
</testng-results>
