<?xml version="1.0" encoding="UTF-8"?>
<testsuite xmlns:xsi="http://www.w3.org/2001/XMLSchema-instance" xsi:noNamespaceSchemaLocation="https://maven.apache.org/surefire/maven-surefire-plugin/xsd/surefire-test-report-3.0.xsd" version="3.0" name="TestSuite" time="26.477" tests="1" errors="0" skipped="0" failures="0">
  <properties>
[...]
</properties>
  <testcase name="addNewCustomer" classname="com.nopcommerce.testCases.AddCustomer_TestCase2" time="18.031">
    <system-out><![CDATA[[TestNGContentHandler] [WARN] It is strongly recommended to add "<!DOCTYPE suite SYSTEM "https://testng.org/testng-1.0.dtd" >" at the top of your file, otherwise TestNG may fail or not work as expected.
 INFO [main] (BaseClass.java:43)- Opening In Chrome Browser
 INFO [main] (AddCustomer_TestCase2.java:16)- Opening the URL
 INFO [main] (AddCustomer_TestCase2.java:21)- Entered Username
 INFO [main] (AddCustomer_TestCase2.java:23)- Entered Password
 INFO [main] (AddCustomer_TestCase2.java:25)- Clicking Login
 INFO [main] (AddCustomer_TestCase2.java:28)- Adding New Customer
 INFO [main] (AddCustomer_TestCase2.java:32)- Clicked On Customer Menu
 INFO [main] (AddCustomer_TestCase2.java:35)- Clicked on the Sub Option Customer
 INFO [main] (AddCustomer_TestCase2.java:38)- Clicked on AddCustomer Button
 INFO [main] (AddCustomer_TestCase2.java:42)- Email Added
 INFO [main] (AddCustomer_TestCase2.java:45)- Password Added
 INFO [main] (AddCustomer_TestCase2.java:49)- First Name Added
 INFO [main] (AddCustomer_TestCase2.java:52)- Last Name Added
 INFO [main] (AddCustomer_TestCase2.java:55)- Gender Added
 INFO [main] (AddCustomer_TestCase2.java:58)- Date of Birth Added
 INFO [main] (AddCustomer_TestCase2.java:61)- Company Name Added
 INFO [main] (AddCustomer_TestCase2.java:64)- News Letter Added
 INFO [main] (AddCustomer_TestCase2.java:67)- Customer Role Added
 INFO [main] (AddCustomer_TestCase2.java:70)- Vendor Category Selected
 INFO [main] (AddCustomer_TestCase2.java:73)- Admin Comment Added
 INFO [main] (AddCustomer_TestCase2.java:77)- Clicked On Save Button
 INFO [main] (AddCustomer_TestCase2.java:85)- Test Case Passed
 INFO [main] (AddCustomer_TestCase2.java:93)- Test Case Done
]]></system-out>
    <system-err><![CDATA[Starting ChromeDriver 85.0.4183.87 (cd6713ebf92fa1cacc0f1a598df280093af0c5d7-refs/branch-heads/4183@{#1689}) on port 39447
Only local connections are allowed.
Please see https://chromedriver.chromium.org/security-considerations for suggestions on keeping ChromeDriver safe.
ChromeDriver was started successfully.
[1605869088.641][WARNING]: This version of ChromeDriver has not been tested with Chrome version 86.
Nov 20, 2020 4:14:50 PM org.openqa.selenium.remote.ProtocolHandshake createSession
INFO: Detected dialect: W3C
]]></system-err>
  </testcase>
</testsuite>