<?xml version="1.0" encoding="UTF-8"?>
<testng-results ignored="0" total="1" passed="1" failed="0" skipped="0">
  <reporter-output>
  </reporter-output>
  <suite started-at="2020-11-20T12:25:48 IST" name="nopCommerce" finished-at="2020-11-20T12:26:40 IST" duration-ms="52212">
    <groups>
    </groups>
    <test started-at="2020-11-20T12:25:48 IST" name="nopCommerce Chrome" finished-at="2020-11-20T12:26:40 IST" duration-ms="52212">
      <class name="com.nopcommerce.testCases.AddCustomer_TestCase2">
        <test-method is-config="true" signature="setup(java.lang.String)[pri:0, instance:com.nopcommerce.testCases.AddCustomer_TestCase2@7ce026d3]" started-at="2020-11-20T12:25:48 IST" name="setup" finished-at="2020-11-20T12:25:53 IST" duration-ms="5606" status="PASS">
          <params>
            <param index="0">
              <value>
                <![CDATA[chrome]]>
              </value>
            </param>
          </params>
          <reporter-output>
          </reporter-output>
        </test-method> <!-- setup -->
        <test-method signature="addNewCustomer()[pri:0, instance:com.nopcommerce.testCases.AddCustomer_TestCase2@7ce026d3]" started-at="2020-11-20T12:25:53 IST" name="addNewCustomer" finished-at="2020-11-20T12:26:39 IST" duration-ms="45744" status="PASS">
          <reporter-output>
          </reporter-output>
        </test-method> <!-- addNewCustomer -->
        <test-method is-config="true" signature="closeBrowser()[pri:0, instance:com.nopcommerce.testCases.AddCustomer_TestCase2@7ce026d3]" started-at="2020-11-20T12:26:39 IST" name="closeBrowser" finished-at="2020-11-20T12:26:40 IST" duration-ms="709" status="PASS">
          <reporter-output>
          </reporter-output>
        </test-method> <!-- closeBrowser -->
      </class> <!-- com.nopcommerce.testCases.AddCustomer_TestCase2 -->
    </test> <!-- nopCommerce Chrome -->
  </suite> <!-- nopCommerce -->
</testng-results>
